<?xml version="1.0" encoding="UTF-8"?>
<!-- Generated by org.testng.reporters.JUnitReportReporter -->
<testsuite hostname="DESKTOP-M9G8GLA" failures="0" tests="1" name="com.hassans.tests.HassanTest" time="44.491" errors="0" timestamp="29 Aug 2024 04:29:00 GMT" skipped="0">
  <testcase classname="com.hassans.tests.HassanTest" name="verifyCustomerMobileDropdown" time="44.491"/>
</testsuite> <!-- com.hassans.tests.HassanTest -->
