<?xml version="1.0" encoding="UTF-8"?>
<!-- Generated by org.testng.reporters.JUnitReportReporter -->
<testsuite hostname="WILASSETA0041.local" failures="0" tests="3" name="com.PlanIT.WitsLab.tests.prmsTestScript" time="85.926" errors="0" timestamp="06 Jun 2023 13:27:45 GMT" skipped="2">
  <testcase classname="com.PlanIT.WitsLab.tests.prmsTestScript" name="verifyCreateNewProject" time="85.926"/>
  <testcase classname="com.PlanIT.WitsLab.tests.prmsTestScript" name="verifyCreateTeamBoard">
    <skipped/>
  </testcase> <!-- verifyCreateTeamBoard -->
  <testcase classname="com.PlanIT.WitsLab.tests.prmsTestScript" name="verifyAddMemberFromProjectSetting">
    <skipped/>
  </testcase> <!-- verifyAddMemberFromProjectSetting -->
</testsuite> <!-- com.PlanIT.WitsLab.tests.prmsTestScript -->
