<?xml version="1.0" encoding="UTF-8"?>
<!-- Generated by org.testng.reporters.JUnitReportReporter -->
<testsuite hostname="DESKTOP-M9G8GLA" failures="0" tests="1" name="com.blazedemo.hcode.tests.ContactUsPageTestScript" time="27.227" errors="0" timestamp="28 Aug 2024 15:17:34 GMT" skipped="0">
  <testcase classname="com.blazedemo.hcode.tests.ContactUsPageTestScript" name="verifyContactUsPage" time="27.227"/>
</testsuite> <!-- com.blazedemo.hcode.tests.ContactUsPageTestScript -->
